build/outputs/logs/manifest-merger-debug-report.txt
-- Merging decision tree log ---
manifest
ADDED from src/main/AndroidManifest.xml:2:1-57:12
	package
		ADDED from src/main/AndroidManifest.xml:4:5-52
		INJECTED from src/main/AndroidManifest.xml
		INJECTED from src/main/AndroidManifest.xml
	android:versionName
		INJECTED from src/main/AndroidManifest.xml
		INJECTED from src/main/AndroidManifest.xml
	xmlns:tools
		ADDED from src/main/AndroidManifest.xml:3:5-51
	xmlns:android
		ADDED from src/main/AndroidManifest.xml:2:11-69
	android:versionCode
		INJECTED from src/main/AndroidManifest.xml
		INJECTED from src/main/AndroidManifest.xml
uses-permission#android.permission.BLUETOOTH
ADDED from src/main/AndroidManifest.xml:6:5-68
MERGED from [:SCiOSDK_Android:] AndroidManifest.xml:11:5-68
	android:name
		ADDED from src/main/AndroidManifest.xml:6:22-65
uses-permission#android.permission.BLUETOOTH_ADMIN
ADDED from src/main/AndroidManifest.xml:7:5-74
MERGED from [:SCiOSDK_Android:] AndroidManifest.xml:12:5-74
	android:name
		ADDED from src/main/AndroidManifest.xml:7:22-71
uses-permission#android.permission.INTERNET
ADDED from src/main/AndroidManifest.xml:8:5-67
MERGED from [:SCiOSDK_Android:] AndroidManifest.xml:13:5-67
	android:name
		ADDED from src/main/AndroidManifest.xml:8:22-64
uses-permission#android.permission.WRITE_EXTERNAL_STORAGE
ADDED from src/main/AndroidManifest.xml:9:5-81
MERGED from [:SCiOSDK_Android:] AndroidManifest.xml:14:5-81
	android:name
		ADDED from src/main/AndroidManifest.xml:9:22-78
uses-permission#android.permission.GET_ACCOUNTS
ADDED from src/main/AndroidManifest.xml:12:5-71
	android:name
		ADDED from src/main/AndroidManifest.xml:12:22-68
uses-permission#android.permission.READ_PROFILE
ADDED from src/main/AndroidManifest.xml:13:5-71
	android:name
		ADDED from src/main/AndroidManifest.xml:13:22-68
uses-permission#android.permission.READ_CONTACTS
ADDED from src/main/AndroidManifest.xml:14:5-72
	android:name
		ADDED from src/main/AndroidManifest.xml:14:22-69
application
ADDED from src/main/AndroidManifest.xml:16:5-55:19
MERGED from [:SCiOSDK_Android:] AndroidManifest.xml:16:5-20:19
MERGED from [com.android.support:appcompat-v7:22.2.1] AndroidManifest.xml:22:5-20
MERGED from [com.android.support:support-v4:22.2.1] AndroidManifest.xml:22:5-20
MERGED from [com.android.support:design:22.2.1] AndroidManifest.xml:22:5-20
MERGED from [com.android.support:appcompat-v7:22.2.1] AndroidManifest.xml:22:5-20
MERGED from [com.android.support:support-v4:22.2.1] AndroidManifest.xml:22:5-20
MERGED from [com.android.support:support-v4:22.2.1] AndroidManifest.xml:22:5-20
	android:label
		ADDED from src/main/AndroidManifest.xml:19:9-41
	android:allowBackup
		ADDED from src/main/AndroidManifest.xml:17:9-35
	android:icon
		ADDED from src/main/AndroidManifest.xml:18:9-42
	android:theme
		ADDED from src/main/AndroidManifest.xml:20:9-40
	tools:replace
		ADDED from src/main/AndroidManifest.xml:21:9-29
activity#com.consumerphysics.android.sdk.sciosdk.ScioLoginActivity
ADDED from src/main/AndroidManifest.xml:22:9-25:58
	android:screenOrientation
		ADDED from src/main/AndroidManifest.xml:24:13-49
	android:windowSoftInputMode
		ADDED from src/main/AndroidManifest.xml:25:13-55
	android:name
		ADDED from src/main/AndroidManifest.xml:23:13-85
activity#consumerphysics.com.myscioapplication.activities.MainActivity
ADDED from src/main/AndroidManifest.xml:26:9-30:20
	android:screenOrientation
		ADDED from src/main/AndroidManifest.xml:29:13-49
	android:label
		ADDED from src/main/AndroidManifest.xml:28:13-45
	android:name
		ADDED from src/main/AndroidManifest.xml:27:13-52
activity#consumerphysics.com.myscioapplication.activities.DiscoverActivity
ADDED from src/main/AndroidManifest.xml:31:9-34:61
	android:screenOrientation
		ADDED from src/main/AndroidManifest.xml:34:13-49
	android:label
		ADDED from src/main/AndroidManifest.xml:33:13-60
	android:name
		ADDED from src/main/AndroidManifest.xml:32:13-56
activity#consumerphysics.com.myscioapplication.activities.ModelActivity
ADDED from src/main/AndroidManifest.xml:35:9-38:61
	android:screenOrientation
		ADDED from src/main/AndroidManifest.xml:38:13-49
	android:label
		ADDED from src/main/AndroidManifest.xml:37:13-57
	android:name
		ADDED from src/main/AndroidManifest.xml:36:13-53
activity#consumerphysics.com.myscioapplication.activities.LoginActivity
ADDED from src/main/AndroidManifest.xml:39:9-42:20
	android:label
		ADDED from src/main/AndroidManifest.xml:41:13-57
	android:name
		ADDED from src/main/AndroidManifest.xml:40:13-53
activity#consumerphysics.com.myscioapplication.activities.SplashScreen
ADDED from src/main/AndroidManifest.xml:43:9-51:20
	android:label
		ADDED from src/main/AndroidManifest.xml:46:13-33
	android:theme
		ADDED from src/main/AndroidManifest.xml:45:13-69
	android:name
		ADDED from src/main/AndroidManifest.xml:44:13-52
intent-filter#android.intent.action.MAIN+android.intent.category.LAUNCHER
ADDED from src/main/AndroidManifest.xml:47:13-50:29
action#android.intent.action.MAIN
ADDED from src/main/AndroidManifest.xml:48:17-69
	android:name
		ADDED from src/main/AndroidManifest.xml:48:25-66
category#android.intent.category.LAUNCHER
ADDED from src/main/AndroidManifest.xml:49:17-77
	android:name
		ADDED from src/main/AndroidManifest.xml:49:27-74
uses-sdk
INJECTED from src/main/AndroidManifest.xml reason: use-sdk injection requested
MERGED from [:SCiOSDK_Android:] AndroidManifest.xml:7:5-9:41
MERGED from [com.android.support:appcompat-v7:22.2.1] AndroidManifest.xml:20:5-43
MERGED from [com.android.support:support-v4:22.2.1] AndroidManifest.xml:20:5-43
MERGED from [com.android.support:design:22.2.1] AndroidManifest.xml:20:5-43
MERGED from [com.android.support:appcompat-v7:22.2.1] AndroidManifest.xml:20:5-43
MERGED from [com.android.support:support-v4:22.2.1] AndroidManifest.xml:20:5-43
MERGED from [com.android.support:support-v4:22.2.1] AndroidManifest.xml:20:5-43
	android:targetSdkVersion
		INJECTED from src/main/AndroidManifest.xml
		INJECTED from src/main/AndroidManifest.xml
	android:minSdkVersion
		INJECTED from src/main/AndroidManifest.xml
		INJECTED from src/main/AndroidManifest.xml
service#com.consumerphysics.android.scioconnection.services.SCiOBLeService
ADDED from [:SCiOSDK_Android:] AndroidManifest.xml:17:9-19:40
	android:exported
		ADDED from [:SCiOSDK_Android:] AndroidManifest.xml:19:13-37
	android:name
		ADDED from [:SCiOSDK_Android:] AndroidManifest.xml:18:13-94
android:uses-permission#android.permission.READ_EXTERNAL_STORAGE
IMPLIED from src/main/AndroidManifest.xml:2:1-57:12 reason: com.consumerphysics.android requested WRITE_EXTERNAL_STORAGE